array (
  'reference' => 'ORD-67A28DA49E23B',
  'trxref' => 'ORD-67A28DA49E23B',
)array (
  'reference' => 'ORD-67A28EA79DC0F',
  'trxref' => 'ORD-67A28EA79DC0F',
)array (
  'reference' => 'ORD-67A28F571CEB9',
  'trxref' => 'ORD-67A28F571CEB9',
)array (
  'reference' => 'ORD-67A290B10AD14',
  'trxref' => 'ORD-67A290B10AD14',
)array (
  'reference' => 'ORD-67A292B867A68',
  'trxref' => 'ORD-67A292B867A68',
)array (
  'reference' => 'ORD-67A29335764A5',
  'trxref' => 'ORD-67A29335764A5',
)array (
  'reference' => 'ORD-67A2942A7DEBF',
  'trxref' => 'ORD-67A2942A7DEBF',
)array (
  'reference' => 'ORD-67A2942A7DEBF',
  'trxref' => 'ORD-67A2942A7DEBF',
)array (
  'reference' => 'ORD-67A2942A7DEBF',
  'trxref' => 'ORD-67A2942A7DEBF',
)array (
  'reference' => 'ORD-67A2942A7DEBF',
  'trxref' => 'ORD-67A2942A7DEBF',
)array (
  'reference' => 'ORD-67A2942A7DEBF',
  'trxref' => 'ORD-67A2942A7DEBF',
)array (
  'reference' => 'ORD-67A2942A7DEBF',
  'trxref' => 'ORD-67A2942A7DEBF',
)